<?xml version="1.0" encoding="UTF-8"?>
<robot generator="Robot 6.1.1 (Python 3.12.3 on linux)" generated="20241118 22:19:35.652" rpa="false" schemaversion="4">
<suite id="s1" name="Login" source="/home/eplinux/ohtu/ohtupalautukset/palautusrepositorio/viikko3/web-login/src/tests/login.robot">
<kw name="Open And Configure Browser" library="resource" type="SETUP">
<if>
<branch type="IF" condition="$BROWSER == 'chrome'">
<kw name="Evaluate" library="BuiltIn">
<var>${options}</var>
<arg>sys.modules['selenium.webdriver'].ChromeOptions()</arg>
<arg>sys</arg>
<doc>Evaluates the given expression in Python and returns the result.</doc>
<msg timestamp="20241118 22:19:35.843" level="INFO">${options} = &lt;selenium.webdriver.chrome.options.Options object at 0x7f19128d2660&gt;</msg>
<status status="PASS" starttime="20241118 22:19:35.843" endtime="20241118 22:19:35.843"/>
</kw>
<status status="PASS" starttime="20241118 22:19:35.843" endtime="20241118 22:19:35.843"/>
</branch>
<branch type="ELSE IF" condition="$BROWSER == 'firefox'">
<kw name="Evaluate" library="BuiltIn">
<var>${options}</var>
<arg>sys.modules['selenium.webdriver'].FirefoxOptions()</arg>
<arg>sys</arg>
<doc>Evaluates the given expression in Python and returns the result.</doc>
<status status="NOT RUN" starttime="20241118 22:19:35.843" endtime="20241118 22:19:35.843"/>
</kw>
<status status="NOT RUN" starttime="20241118 22:19:35.843" endtime="20241118 22:19:35.843"/>
</branch>
<status status="PASS" starttime="20241118 22:19:35.842" endtime="20241118 22:19:35.843"/>
</if>
<if>
<branch type="IF" condition="$HEADLESS == 'true'">
<kw name="Set Selenium Speed" library="SeleniumLibrary">
<arg>0</arg>
<doc>Sets the delay that is waited after each Selenium command.</doc>
<status status="NOT RUN" starttime="20241118 22:19:35.843" endtime="20241118 22:19:35.843"/>
</kw>
<kw name="Call Method" library="BuiltIn">
<arg>${options}</arg>
<arg>add_argument</arg>
<arg>--headless</arg>
<doc>Calls the named method of the given object with the provided arguments.</doc>
<status status="NOT RUN" starttime="20241118 22:19:35.843" endtime="20241118 22:19:35.843"/>
</kw>
<status status="NOT RUN" starttime="20241118 22:19:35.843" endtime="20241118 22:19:35.843"/>
</branch>
<branch type="ELSE">
<kw name="Set Selenium Speed" library="SeleniumLibrary">
<arg>${DELAY}</arg>
<doc>Sets the delay that is waited after each Selenium command.</doc>
<status status="PASS" starttime="20241118 22:19:35.844" endtime="20241118 22:19:35.844"/>
</kw>
<status status="PASS" starttime="20241118 22:19:35.844" endtime="20241118 22:19:35.844"/>
</branch>
<status status="PASS" starttime="20241118 22:19:35.843" endtime="20241118 22:19:35.844"/>
</if>
<kw name="Open Browser" library="SeleniumLibrary">
<arg>browser=${BROWSER}</arg>
<arg>options=${options}</arg>
<doc>Opens a new browser instance to the optional ``url``.</doc>
<msg timestamp="20241118 22:19:35.844" level="INFO">Opening browser 'chrome' to base url 'None'.</msg>
<status status="PASS" starttime="20241118 22:19:35.844" endtime="20241118 22:19:36.549"/>
</kw>
<status status="PASS" starttime="20241118 22:19:35.842" endtime="20241118 22:19:36.549"/>
</kw>
<test id="s1-t1" name="Login With Correct Credentials" line="8">
<kw name="Reset Application Create User And Go To Login Page" type="SETUP">
<kw name="Reset Application" library="AppLibrary">
<status status="PASS" starttime="20241118 22:19:36.550" endtime="20241118 22:19:36.554"/>
</kw>
<kw name="Create User" library="AppLibrary">
<arg>kalle</arg>
<arg>kalle123</arg>
<status status="PASS" starttime="20241118 22:19:36.554" endtime="20241118 22:19:36.563"/>
</kw>
<kw name="Go To Login Page" library="resource">
<kw name="Go To" library="SeleniumLibrary">
<arg>${LOGIN_URL}</arg>
<doc>Navigates the current browser window to the provided ``url``.</doc>
<msg timestamp="20241118 22:19:36.563" level="INFO">Opening url 'http://localhost:5001/login'</msg>
<status status="PASS" starttime="20241118 22:19:36.563" endtime="20241118 22:19:37.155"/>
</kw>
<status status="PASS" starttime="20241118 22:19:36.563" endtime="20241118 22:19:37.155"/>
</kw>
<status status="PASS" starttime="20241118 22:19:36.550" endtime="20241118 22:19:37.155"/>
</kw>
<kw name="Set Username">
<arg>kalle</arg>
<kw name="Input Text" library="SeleniumLibrary">
<arg>username</arg>
<arg>${username}</arg>
<doc>Types the given ``text`` into the text field identified by ``locator``.</doc>
<msg timestamp="20241118 22:19:37.156" level="INFO">Typing text 'kalle' into text field 'username'.</msg>
<status status="PASS" starttime="20241118 22:19:37.156" endtime="20241118 22:19:38.781"/>
</kw>
<status status="PASS" starttime="20241118 22:19:37.155" endtime="20241118 22:19:38.781"/>
</kw>
<kw name="Set Password">
<arg>kalle123</arg>
<kw name="Input Password" library="SeleniumLibrary">
<arg>password</arg>
<arg>${password}</arg>
<doc>Types the given password into the text field identified by ``locator``.</doc>
<msg timestamp="20241118 22:19:38.782" level="INFO">Typing password into text field 'password'.</msg>
<msg timestamp="20241118 22:19:38.501" level="INFO">Temporally setting log level to: NONE</msg>
<msg timestamp="20241118 22:19:39.056" level="INFO">Log level changed from NONE to INFO.</msg>
<status status="PASS" starttime="20241118 22:19:38.782" endtime="20241118 22:19:39.056"/>
</kw>
<status status="PASS" starttime="20241118 22:19:38.781" endtime="20241118 22:19:39.056"/>
</kw>
<kw name="Submit Credentials">
<kw name="Click Button" library="SeleniumLibrary">
<arg>Login</arg>
<doc>Clicks the button identified by ``locator``.</doc>
<msg timestamp="20241118 22:19:39.057" level="INFO">Clicking button 'Login'.</msg>
<status status="PASS" starttime="20241118 22:19:39.056" endtime="20241118 22:19:41.190"/>
</kw>
<status status="PASS" starttime="20241118 22:19:39.056" endtime="20241118 22:19:41.190"/>
</kw>
<kw name="Login Should Succeed">
<kw name="Main Page Should Be Open" library="resource">
<kw name="Title Should Be" library="SeleniumLibrary">
<arg>Ohtu Application main page</arg>
<doc>Verifies that the current page title equals ``title``.</doc>
<msg timestamp="20241118 22:19:41.698" level="INFO">Page title is 'Ohtu Application main page'.</msg>
<status status="PASS" starttime="20241118 22:19:41.191" endtime="20241118 22:19:41.698"/>
</kw>
<status status="PASS" starttime="20241118 22:19:41.191" endtime="20241118 22:19:41.699"/>
</kw>
<status status="PASS" starttime="20241118 22:19:41.191" endtime="20241118 22:19:41.699"/>
</kw>
<status status="PASS" starttime="20241118 22:19:36.549" endtime="20241118 22:19:41.699"/>
</test>
<test id="s1-t2" name="Login With Incorrect Password" line="14">
<kw name="Reset Application Create User And Go To Login Page" type="SETUP">
<kw name="Reset Application" library="AppLibrary">
<status status="PASS" starttime="20241118 22:19:41.701" endtime="20241118 22:19:41.706"/>
</kw>
<kw name="Create User" library="AppLibrary">
<arg>kalle</arg>
<arg>kalle123</arg>
<status status="PASS" starttime="20241118 22:19:41.706" endtime="20241118 22:19:41.715"/>
</kw>
<kw name="Go To Login Page" library="resource">
<kw name="Go To" library="SeleniumLibrary">
<arg>${LOGIN_URL}</arg>
<doc>Navigates the current browser window to the provided ``url``.</doc>
<msg timestamp="20241118 22:19:41.716" level="INFO">Opening url 'http://localhost:5001/login'</msg>
<status status="PASS" starttime="20241118 22:19:41.715" endtime="20241118 22:19:42.252"/>
</kw>
<status status="PASS" starttime="20241118 22:19:41.715" endtime="20241118 22:19:42.253"/>
</kw>
<status status="PASS" starttime="20241118 22:19:41.701" endtime="20241118 22:19:42.253"/>
</kw>
<kw name="Set Username">
<arg>kalle</arg>
<kw name="Input Text" library="SeleniumLibrary">
<arg>username</arg>
<arg>${username}</arg>
<doc>Types the given ``text`` into the text field identified by ``locator``.</doc>
<msg timestamp="20241118 22:19:42.253" level="INFO">Typing text 'kalle' into text field 'username'.</msg>
<status status="PASS" starttime="20241118 22:19:42.253" endtime="20241118 22:19:43.844"/>
</kw>
<status status="PASS" starttime="20241118 22:19:42.253" endtime="20241118 22:19:43.844"/>
</kw>
<kw name="Set Password">
<arg>kalle456</arg>
<kw name="Input Password" library="SeleniumLibrary">
<arg>password</arg>
<arg>${password}</arg>
<doc>Types the given password into the text field identified by ``locator``.</doc>
<msg timestamp="20241118 22:19:43.845" level="INFO">Typing password into text field 'password'.</msg>
<msg timestamp="20241118 22:19:44.892" level="INFO">Temporally setting log level to: NONE</msg>
<msg timestamp="20241118 22:19:45.455" level="INFO">Log level changed from NONE to INFO.</msg>
<status status="PASS" starttime="20241118 22:19:43.844" endtime="20241118 22:19:45.455"/>
</kw>
<status status="PASS" starttime="20241118 22:19:43.844" endtime="20241118 22:19:45.455"/>
</kw>
<kw name="Submit Credentials">
<kw name="Click Button" library="SeleniumLibrary">
<arg>Login</arg>
<doc>Clicks the button identified by ``locator``.</doc>
<msg timestamp="20241118 22:19:45.456" level="INFO">Clicking button 'Login'.</msg>
<status status="PASS" starttime="20241118 22:19:45.455" endtime="20241118 22:19:47.555"/>
</kw>
<status status="PASS" starttime="20241118 22:19:45.455" endtime="20241118 22:19:47.555"/>
</kw>
<kw name="Login Should Fail With Message">
<arg>Invalid username or password</arg>
<kw name="Login Page Should Be Open" library="resource">
<kw name="Title Should Be" library="SeleniumLibrary">
<arg>Login</arg>
<doc>Verifies that the current page title equals ``title``.</doc>
<msg timestamp="20241118 22:19:48.062" level="INFO">Page title is 'Login'.</msg>
<status status="PASS" starttime="20241118 22:19:47.556" endtime="20241118 22:19:48.062"/>
</kw>
<status status="PASS" starttime="20241118 22:19:47.556" endtime="20241118 22:19:48.062"/>
</kw>
<kw name="Page Should Contain" library="SeleniumLibrary">
<arg>${message}</arg>
<doc>Verifies that current page contains ``text``.</doc>
<msg timestamp="20241118 22:19:49.083" level="INFO">Current page contains text 'Invalid username or password'.</msg>
<status status="PASS" starttime="20241118 22:19:48.062" endtime="20241118 22:19:49.083"/>
</kw>
<status status="PASS" starttime="20241118 22:19:47.555" endtime="20241118 22:19:49.083"/>
</kw>
<status status="PASS" starttime="20241118 22:19:41.700" endtime="20241118 22:19:49.083"/>
</test>
<test id="s1-t3" name="Login With Nonexistent Username" line="20">
<kw name="Reset Application Create User And Go To Login Page" type="SETUP">
<kw name="Reset Application" library="AppLibrary">
<status status="PASS" starttime="20241118 22:19:49.084" endtime="20241118 22:19:49.086"/>
</kw>
<kw name="Create User" library="AppLibrary">
<arg>kalle</arg>
<arg>kalle123</arg>
<status status="PASS" starttime="20241118 22:19:49.086" endtime="20241118 22:19:49.090"/>
</kw>
<kw name="Go To Login Page" library="resource">
<kw name="Go To" library="SeleniumLibrary">
<arg>${LOGIN_URL}</arg>
<doc>Navigates the current browser window to the provided ``url``.</doc>
<msg timestamp="20241118 22:19:49.090" level="INFO">Opening url 'http://localhost:5001/login'</msg>
<status status="PASS" starttime="20241118 22:19:49.090" endtime="20241118 22:19:49.611"/>
</kw>
<status status="PASS" starttime="20241118 22:19:49.090" endtime="20241118 22:19:49.611"/>
</kw>
<status status="PASS" starttime="20241118 22:19:49.083" endtime="20241118 22:19:49.612"/>
</kw>
<kw name="Reset Application" library="AppLibrary">
<status status="PASS" starttime="20241118 22:19:49.612" endtime="20241118 22:19:49.615"/>
</kw>
<kw name="Set Username">
<arg>kalle</arg>
<kw name="Input Text" library="SeleniumLibrary">
<arg>username</arg>
<arg>${username}</arg>
<doc>Types the given ``text`` into the text field identified by ``locator``.</doc>
<msg timestamp="20241118 22:19:49.616" level="INFO">Typing text 'kalle' into text field 'username'.</msg>
<status status="PASS" starttime="20241118 22:19:49.615" endtime="20241118 22:19:51.248"/>
</kw>
<status status="PASS" starttime="20241118 22:19:49.615" endtime="20241118 22:19:51.248"/>
</kw>
<kw name="Set Password">
<arg>kalle456</arg>
<kw name="Input Password" library="SeleniumLibrary">
<arg>password</arg>
<arg>${password}</arg>
<doc>Types the given password into the text field identified by ``locator``.</doc>
<msg timestamp="20241118 22:19:51.249" level="INFO">Typing password into text field 'password'.</msg>
<msg timestamp="20241118 22:19:52.301" level="INFO">Temporally setting log level to: NONE</msg>
<msg timestamp="20241118 22:19:52.907" level="INFO">Log level changed from NONE to INFO.</msg>
<status status="PASS" starttime="20241118 22:19:51.249" endtime="20241118 22:19:52.908"/>
</kw>
<status status="PASS" starttime="20241118 22:19:51.248" endtime="20241118 22:19:52.908"/>
</kw>
<kw name="Submit Credentials">
<kw name="Click Button" library="SeleniumLibrary">
<arg>Login</arg>
<doc>Clicks the button identified by ``locator``.</doc>
<msg timestamp="20241118 22:19:52.909" level="INFO">Clicking button 'Login'.</msg>
<status status="PASS" starttime="20241118 22:19:52.908" endtime="20241118 22:19:55.054"/>
</kw>
<status status="PASS" starttime="20241118 22:19:52.908" endtime="20241118 22:19:55.054"/>
</kw>
<kw name="Login Should Fail With Message">
<arg>Invalid username or password</arg>
<kw name="Login Page Should Be Open" library="resource">
<kw name="Title Should Be" library="SeleniumLibrary">
<arg>Login</arg>
<doc>Verifies that the current page title equals ``title``.</doc>
<msg timestamp="20241118 22:19:55.564" level="INFO">Page title is 'Login'.</msg>
<status status="PASS" starttime="20241118 22:19:55.055" endtime="20241118 22:19:55.564"/>
</kw>
<status status="PASS" starttime="20241118 22:19:55.055" endtime="20241118 22:19:55.564"/>
</kw>
<kw name="Page Should Contain" library="SeleniumLibrary">
<arg>${message}</arg>
<doc>Verifies that current page contains ``text``.</doc>
<msg timestamp="20241118 22:19:56.581" level="INFO">Current page contains text 'Invalid username or password'.</msg>
<status status="PASS" starttime="20241118 22:19:55.564" endtime="20241118 22:19:56.581"/>
</kw>
<status status="PASS" starttime="20241118 22:19:55.054" endtime="20241118 22:19:56.581"/>
</kw>
<status status="PASS" starttime="20241118 22:19:49.083" endtime="20241118 22:19:56.582"/>
</test>
<kw name="Close Browser" library="SeleniumLibrary" type="TEARDOWN">
<doc>Closes the current browser.</doc>
<status status="PASS" starttime="20241118 22:19:56.582" endtime="20241118 22:19:57.215"/>
</kw>
<status status="PASS" starttime="20241118 22:19:35.653" endtime="20241118 22:19:57.215"/>
</suite>
<statistics>
<total>
<stat pass="3" fail="0" skip="0">All Tests</stat>
</total>
<tag>
</tag>
<suite>
<stat pass="3" fail="0" skip="0" id="s1" name="Login">Login</stat>
</suite>
</statistics>
<errors>
</errors>
</robot>
